#
# A fatal error has been detected by the Java Runtime Environment:
#
#  EXCEPTION_ACCESS_VIOLATION (0xc0000005) at pc=0x0000028807affc5d, pid=7348, tid=28536
#
# JRE version: OpenJDK Runtime Environment (21.0.1+12) (build 21.0.1+12-29)
# Java VM: OpenJDK 64-Bit Server VM (21.0.1+12-29, mixed mode, sharing, tiered, compressed oops, compressed class ptrs, g1 gc, windows-amd64)
# Problematic frame:
# J 578 c2 sun.misc.Unsafe.putLong(Ljava/lang/Object;JJ)V jdk.unsupported@21.0.1 (11 bytes) @ 0x0000028807affc5d [0x0000028807affc20+0x000000000000003d]
#
# No core dump will be written. Minidumps are not enabled by default on client versions of Windows
#
# If you would like to submit a bug report, please visit:
#   https://bugreport.java.com/bugreport/crash.jsp
#

---------------  S U M M A R Y ------------

Command Line: -javaagent:C:\Users\tibur\AppData\Local\JetBrains\IntelliJ IDEA Community Edition 2023.3.1\lib\idea_rt.jar=57250:C:\Users\tibur\AppData\Local\JetBrains\IntelliJ IDEA Community Edition 2023.3.1\bin -Dfile.encoding=UTF-8 -Dsun.stdout.encoding=UTF-8 -Dsun.stderr.encoding=UTF-8 Main

Host: 13th Gen Intel(R) Core(TM) i7-1355U, 12 cores, 31G,  Windows 11 , 64 bit Build 22621 (10.0.22621.4391)
Time: Fri Jan 17 11:11:48 2025 Pacific Standard Time elapsed time: 1.306612 seconds (0d 0h 0m 1s)

---------------  T H R E A D  ---------------

Current thread (0x0000028868fa12d0):  JavaThread "main"             [_thread_in_Java, id=28536, stack(0x000000f72f600000,0x000000f72f700000) (1024K)]

Stack: [0x000000f72f600000,0x000000f72f700000],  sp=0x000000f72f6ff460,  free space=1021k
Native frames: (J=compiled Java code, j=interpreted, Vv=VM code, C=native code)
C  0x0000028807affc5d

The last pc belongs to nmethod (printed below).

siginfo: EXCEPTION_ACCESS_VIOLATION (0xc0000005), writing address 0x0000000000000010


Registers:
RAX=0x000002885014e528, RBX=0x000002885014e528, RCX=0x0000000625f7fee0, RDX=0x0000000625f7fee0
RSP=0x000000f72f6ff460, RBP=0x000000f72f6ff500, RSI=0x0000000000000490, RDI=0x000000003f800000
R8 =0x0000000000000000, R9 =0x0000000000000010, R10=0x0000000000000000, R11=0x0000028807affc40
R12=0x0000000000000000, R13=0x000000f72f6ff488, R14=0x000000f72f6ff528, R15=0x0000028868fa12d0
RIP=0x0000028807affc5d, EFLAGS=0x0000000000010246


Register to memory mapping:

RAX={method} {0x000002885014e530} 'putLong' '(Ljava/lang/Object;JJ)V' in 'sun/misc/Unsafe'
RBX={method} {0x000002885014e530} 'putLong' '(Ljava/lang/Object;JJ)V' in 'sun/misc/Unsafe'
RCX=0x0000000625f7fee0 is an oop: sun.misc.Unsafe 
{0x0000000625f7fee0} - klass: 'sun/misc/Unsafe'
 - ---- fields (total size 2 words):
RDX=0x0000000625f7fee0 is an oop: sun.misc.Unsafe 
{0x0000000625f7fee0} - klass: 'sun/misc/Unsafe'
 - ---- fields (total size 2 words):
RSP=0x000000f72f6ff460 is pointing into the stack for thread: 0x0000028868fa12d0
RBP=0x000000f72f6ff500 is pointing into the stack for thread: 0x0000028868fa12d0
RSI=0x0000000000000490 is an unknown value
RDI=0x000000003f800000 is an unknown value
R8 =0x0 is null
R9 =0x0000000000000010 is an unknown value
R10=0x0 is null
R11=0x0000028807affc40 is at entry_point+32 in (nmethod*)0x0000028807affa90
Compiled method (c2)    1344  578       4       sun.misc.Unsafe::putLong (11 bytes)
 total in heap  [0x0000028807affa90,0x0000028807affce0] = 592
 relocation     [0x0000028807affbf0,0x0000028807affc08] = 24
 main code      [0x0000028807affc20,0x0000028807affc98] = 120
 stub code      [0x0000028807affc98,0x0000028807affcb0] = 24
 scopes data    [0x0000028807affcb0,0x0000028807affcb8] = 8
 scopes pcs     [0x0000028807affcb8,0x0000028807affcd8] = 32
 dependencies   [0x0000028807affcd8,0x0000028807affce0] = 8
R12=0x0 is null
R13=0x000000f72f6ff488 is pointing into the stack for thread: 0x0000028868fa12d0
R14=0x000000f72f6ff528 is pointing into the stack for thread: 0x0000028868fa12d0
R15=0x0000028868fa12d0 is a thread

Top of Stack: (sp=0x000000f72f6ff460)
0x000000f72f6ff460:   000000f72f6ff500 00000000000000b6
0x000000f72f6ff470:   000000f72f6ff500 0000028807538846
0x000000f72f6ff480:   0000028807538846 000000003f800000
0x000000f72f6ff490:   0000000000000000 0000000000000010
0x000000f72f6ff4a0:   0000000000000000 0000000000000000
0x000000f72f6ff4b0:   0000000625f7fee0 000000f72f6ff4b8
0x000000f72f6ff4c0:   00000288506a6669 0000000000000005
0x000000f72f6ff4d0:   00000288506c0000 0000000000000000
0x000000f72f6ff4e0:   00000006254a67d8 00000288506a66a8
0x000000f72f6ff4f0:   000000f72f6ff488 000000f72f6ff518
0x000000f72f6ff500:   000000f72f6ff578 0000028807538846
0x000000f72f6ff510:   0000000000000000 0000000000000010
0x000000f72f6ff520:   0000000000000000 00000006256fe848
0x000000f72f6ff530:   000000f72f6ff530 00000288506add1e
0x000000f72f6ff540:   0000000000000005 00000288506c0000
0x000000f72f6ff550:   0000000000000000 00000006254a67d8
0x000000f72f6ff560:   00000288506add68 000000f72f6ff518
0x000000f72f6ff570:   000000f72f6ff588 000000f72f6ff5f0
0x000000f72f6ff580:   0000028807538846 00000006256fea00
0x000000f72f6ff590:   0000000000000000 00000006256fe848
0x000000f72f6ff5a0:   00000006256f4248 000000f72f6ff5a8
0x000000f72f6ff5b0:   0000028850649b79 0000000000000003
0x000000f72f6ff5c0:   000002885067a720 0000000000000000
0x000000f72f6ff5d0:   0000000625437cc0 0000028850649ba0
0x000000f72f6ff5e0:   000000f72f6ff588 000000f72f6ff600
0x000000f72f6ff5f0:   000000f72f6ff658 00000288075389b8
0x000000f72f6ff600:   00000006256fea00 00000006256fe848
0x000000f72f6ff610:   000000f72f6ff610 0000028850408fe6
0x000000f72f6ff620:   0000000000000019 000002885040d090
0x000000f72f6ff630:   0000000000000000 0000000625d570c0
0x000000f72f6ff640:   00000288504091f0 000000f72f6ff600
0x000000f72f6ff650:   000000f72f6ff720 000000f72f6ff900 

Instructions: (pc=0x0000028807affc5d)
0x0000028807affb5d:   00 00 00 00 00 00 00 00 00 00 00 00 00 00 00 00
0x0000028807affb6d:   00 00 00 20 fc af 07 88 02 00 00 40 fc af 07 88
0x0000028807affb7d:   02 00 00 20 fc af 07 88 02 00 00 00 00 00 00 00
0x0000028807affb8d:   00 00 00 ff ff ff ff 08 02 00 00 ff ff ff ff 90
0x0000028807affb9d:   01 00 00 08 02 00 00 20 02 00 00 20 02 00 00 00
0x0000028807affbad:   00 00 00 28 02 00 00 48 02 00 00 50 02 00 00 50
0x0000028807affbbd:   02 00 00 50 02 00 00 50 02 00 00 50 02 00 00 00
0x0000028807affbcd:   00 00 00 42 02 00 00 02 00 00 00 ff ff ff ff ff
0x0000028807affbdd:   ff ff ff 04 02 00 00 00 00 00 00 00 00 00 00 00
0x0000028807affbed:   00 00 00 14 30 32 58 0e 78 0e 40 11 31 05 31 0e
0x0000028807affbfd:   00 00 31 0f 31 00 00 00 00 00 00 00 00 00 00 00
0x0000028807affc0d:   00 00 00 00 00 00 00 00 00 00 00 00 00 00 00 00
0x0000028807affc1d:   00 00 00 44 8b 52 08 49 bb 00 00 00 0f 88 02 00
0x0000028807affc2d:   00 4d 03 d3 49 3b c2 0f 85 46 eb a7 ff 66 90 0f
0x0000028807affc3d:   1f 40 00 48 81 ec 18 00 00 00 48 89 6c 24 10 41
0x0000028807affc4d:   81 7f 20 01 00 00 00 0f 85 30 00 00 00 4d 8b d0
0x0000028807affc5d:   4b 89 3c 0a 48 83 c4 10 5d 49 3b a7 50 04 00 00
0x0000028807affc6d:   0f 87 01 00 00 00 c3 49 ba 66 fc af 07 88 02 00
0x0000028807affc7d:   00 4d 89 97 68 04 00 00 e9 76 5a a8 ff e8 d1 50
0x0000028807affc8d:   a6 ff e9 c6 ff ff ff f4 f4 f4 f4 e9 63 ba b4 ff
0x0000028807affc9d:   e8 00 00 00 00 48 83 2c 24 05 e9 f4 4c a8 ff f4
0x0000028807affcad:   f4 f4 f4 ff 00 00 00 00 00 00 00 ff ff ff ff 00
0x0000028807affcbd:   00 00 00 00 00 00 00 00 00 00 00 91 00 00 00 00
0x0000028807affccd:   00 00 00 00 00 00 00 00 00 00 00 00 00 00 00 00
0x0000028807affcdd:   00 00 00 00 00 00 00 00 00 00 00 00 00 00 00 00
0x0000028807affced:   00 00 00 00 00 00 00 00 00 00 00 00 00 00 00 00
0x0000028807affcfd:   00 00 00 00 00 00 00 00 00 00 00 00 00 00 00 00
0x0000028807affd0d:   00 00 00 00 00 00 00 00 00 00 00 00 00 00 00 00
0x0000028807affd1d:   00 00 00 00 00 00 00 00 00 00 00 00 00 00 00 00
0x0000028807affd2d:   00 00 00 00 00 00 00 00 00 00 00 00 00 00 00 00
0x0000028807affd3d:   00 00 00 00 00 00 00 00 00 00 00 00 00 00 00 00
0x0000028807affd4d:   00 00 00 00 00 00 00 00 00 00 00 00 00 00 00 00 


Stack slot to memory mapping:

stack at sp + 0 slots: 0x000000f72f6ff500 is pointing into the stack for thread: 0x0000028868fa12d0
stack at sp + 1 slots: 0x00000000000000b6 is an unknown value
stack at sp + 2 slots: 0x000000f72f6ff500 is pointing into the stack for thread: 0x0000028868fa12d0
stack at sp + 3 slots: 0x0000028807538846 is at code_begin+1158 in an Interpreter codelet
return entry points  [0x00000288075383c0, 0x0000028807538f18]  2904 bytes
stack at sp + 4 slots: 0x0000028807538846 is at code_begin+1158 in an Interpreter codelet
return entry points  [0x00000288075383c0, 0x0000028807538f18]  2904 bytes
stack at sp + 5 slots: 0x000000003f800000 is an unknown value
stack at sp + 6 slots: 0x0 is null
stack at sp + 7 slots: 0x0000000000000010 is an unknown value


Compiled method (c2)    1390  578       4       sun.misc.Unsafe::putLong (11 bytes)
 total in heap  [0x0000028807affa90,0x0000028807affce0] = 592
 relocation     [0x0000028807affbf0,0x0000028807affc08] = 24
 main code      [0x0000028807affc20,0x0000028807affc98] = 120
 stub code      [0x0000028807affc98,0x0000028807affcb0] = 24
 scopes data    [0x0000028807affcb0,0x0000028807affcb8] = 8
 scopes pcs     [0x0000028807affcb8,0x0000028807affcd8] = 32
 dependencies   [0x0000028807affcd8,0x0000028807affce0] = 8

[Constant Pool (empty)]

[MachCode]
[Entry Point]
  # {method} {0x000002885014e530} 'putLong' '(Ljava/lang/Object;JJ)V' in 'sun/misc/Unsafe'
  # this:     rdx:rdx   = 'sun/misc/Unsafe'
  # parm0:    r8:r8     = 'java/lang/Object'
  # parm1:    r9:r9     = long
  # parm2:    rdi:rdi   = long
  #           [sp+0x20]  (sp of caller)
  0x0000028807affc20: 448b 5208 | 49bb 0000 | 000f 8802 | 0000 4d03 | d349 3bc2 

  0x0000028807affc34: ;   {runtime_call ic_miss_stub}
  0x0000028807affc34: 0f85 46eb | a7ff 6690 | 0f1f 4000 
[Verified Entry Point]
  0x0000028807affc40: 4881 ec18 | 0000 0048 | 896c 2410 | 4181 7f20 | 0100 0000 | 0f85 3000 | 0000 4d8b | d04b 893c 
  0x0000028807affc60: 0a48 83c4 

  0x0000028807affc64: ;   {poll_return}
  0x0000028807affc64: 105d 493b | a750 0400 | 000f 8701 | 0000 00c3 

  0x0000028807affc74: ;   {internal_word}
  0x0000028807affc74: 49ba 66fc | af07 8802 | 0000 4d89 | 9768 0400 

  0x0000028807affc84: ;   {runtime_call SafepointBlob}
  0x0000028807affc84: 00e9 765a 

  0x0000028807affc88: ;   {runtime_call StubRoutines (final stubs)}
  0x0000028807affc88: a8ff e8d1 | 50a6 ffe9 | c6ff ffff | f4f4 f4f4 
[Exception Handler]
  0x0000028807affc98: ;   {no_reloc}
  0x0000028807affc98: e963 bab4 | ffe8 0000 | 0000 4883 

  0x0000028807affca4: ;   {runtime_call DeoptimizationBlob}
  0x0000028807affca4: 2c24 05e9 | f44c a8ff | f4f4 f4f4 
[/MachCode]


---------------  P R O C E S S  ---------------

Threads class SMR info:
_java_thread_list=0x000002887e9707d0, length=12, elements={
0x0000028868fa12d0, 0x000002887e3d2c00, 0x000002887e3d38c0, 0x000002887e3d9d70,
0x000002887e3dcc70, 0x000002887e3dd6d0, 0x000002887e3e0140, 0x000002887e3e0ed0,
0x000002887e3e1aa0, 0x000002887b901150, 0x000002887e956d50, 0x000002887e953180
}

Java Threads: ( => current thread )
=>0x0000028868fa12d0 JavaThread "main"                              [_thread_in_Java, id=28536, stack(0x000000f72f600000,0x000000f72f700000) (1024K)]
  0x000002887e3d2c00 JavaThread "Reference Handler"          daemon [_thread_blocked, id=768, stack(0x000000f72fe00000,0x000000f72ff00000) (1024K)]
  0x000002887e3d38c0 JavaThread "Finalizer"                  daemon [_thread_blocked, id=26996, stack(0x000000f72ff00000,0x000000f730000000) (1024K)]
  0x000002887e3d9d70 JavaThread "Signal Dispatcher"          daemon [_thread_blocked, id=11440, stack(0x000000f730000000,0x000000f730100000) (1024K)]
  0x000002887e3dcc70 JavaThread "Attach Listener"            daemon [_thread_blocked, id=11708, stack(0x000000f730100000,0x000000f730200000) (1024K)]
  0x000002887e3dd6d0 JavaThread "Service Thread"             daemon [_thread_blocked, id=22828, stack(0x000000f730200000,0x000000f730300000) (1024K)]
  0x000002887e3e0140 JavaThread "Monitor Deflation Thread"   daemon [_thread_blocked, id=9264, stack(0x000000f730300000,0x000000f730400000) (1024K)]
  0x000002887e3e0ed0 JavaThread "C2 CompilerThread0"         daemon [_thread_blocked, id=7408, stack(0x000000f730400000,0x000000f730500000) (1024K)]
  0x000002887e3e1aa0 JavaThread "C1 CompilerThread0"         daemon [_thread_blocked, id=3796, stack(0x000000f730500000,0x000000f730600000) (1024K)]
  0x000002887b901150 JavaThread "Common-Cleaner"             daemon [_thread_blocked, id=14252, stack(0x000000f730600000,0x000000f730700000) (1024K)]
  0x000002887e956d50 JavaThread "Monitor Ctrl-Break"         daemon [_thread_in_native, id=24148, stack(0x000000f730700000,0x000000f730800000) (1024K)]
  0x000002887e953180 JavaThread "Notification Thread"        daemon [_thread_blocked, id=9132, stack(0x000000f730800000,0x000000f730900000) (1024K)]
Total: 12

Other Threads:
  0x000002887e3b4770 VMThread "VM Thread"                           [id=26540, stack(0x000000f72fd00000,0x000000f72fe00000) (1024K)]
  0x000002887b8ff680 WatcherThread "VM Periodic Task Thread"        [id=27024, stack(0x000000f72fc00000,0x000000f72fd00000) (1024K)]
  0x000002887b7503f0 WorkerThread "GC Thread#0"                     [id=15964, stack(0x000000f72f700000,0x000000f72f800000) (1024K)]
  0x0000028869019dc0 ConcurrentGCThread "G1 Main Marker"            [id=25396, stack(0x000000f72f800000,0x000000f72f900000) (1024K)]
  0x000002886901db60 WorkerThread "G1 Conc#0"                       [id=13392, stack(0x000000f72f900000,0x000000f72fa00000) (1024K)]
  0x000002887b7cc160 ConcurrentGCThread "G1 Refine#0"               [id=20956, stack(0x000000f72fa00000,0x000000f72fb00000) (1024K)]
  0x000002887b7cc980 ConcurrentGCThread "G1 Service"                [id=24928, stack(0x000000f72fb00000,0x000000f72fc00000) (1024K)]
Total: 7

Threads with active compile tasks:
Total: 0

VM state: not at safepoint (normal execution)

VM Mutex/Monitor currently owned by a thread: None

Heap address: 0x0000000606800000, size: 8088 MB, Compressed Oops mode: Zero based, Oop shift amount: 3

CDS archive(s) mapped at: [0x000002880f000000-0x000002880fc90000-0x000002880fc90000), size 13172736, SharedBaseAddress: 0x000002880f000000, ArchiveRelocationMode: 1.
Compressed class space mapped at: 0x0000028810000000-0x0000028850000000, reserved size: 1073741824
Narrow klass base: 0x000002880f000000, Narrow klass shift: 0, Narrow klass range: 0x100000000

GC Precious Log:
 CardTable entry size: 512
 Card Set container configuration: InlinePtr #cards 4 size 8 Array Of Cards #cards 32 size 80 Howl #buckets 8 coarsen threshold 7372 Howl Bitmap #cards 1024 size 144 coarsen threshold 921 Card regions per heap region 1 cards per card region 8192
 CPUs: 12 total, 12 available
 Memory: 32336M
 Large Page Support: Disabled
 NUMA Support: Disabled
 Compressed Oops: Enabled (Zero based)
 Heap Region Size: 4M
 Heap Min Capacity: 8M
 Heap Initial Capacity: 508M
 Heap Max Capacity: 8088M
 Pre-touch: Disabled
 Parallel Workers: 10
 Concurrent Workers: 3
 Concurrent Refinement Workers: 10
 Periodic GC: Disabled

Heap:
 garbage-first heap   total 520192K, used 8192K [0x0000000606800000, 0x0000000800000000)
  region size 4096K, 4 young (16384K), 0 survivors (0K)
 Metaspace       used 6098K, committed 6272K, reserved 1114112K
  class space    used 277K, committed 384K, reserved 1048576K

Heap Regions: E=young(eden), S=young(survivor), O=old, HS=humongous(starts), HC=humongous(continues), CS=collection set, F=free, TAMS=top-at-mark-start, PB=parsable bottom
|   0|0x0000000606800000, 0x0000000606800000, 0x0000000606c00000|  0%| F|  |TAMS 0x0000000606800000| PB 0x0000000606800000| Untracked 
|   1|0x0000000606c00000, 0x0000000606c00000, 0x0000000607000000|  0%| F|  |TAMS 0x0000000606c00000| PB 0x0000000606c00000| Untracked 
|   2|0x0000000607000000, 0x0000000607000000, 0x0000000607400000|  0%| F|  |TAMS 0x0000000607000000| PB 0x0000000607000000| Untracked 
|   3|0x0000000607400000, 0x0000000607400000, 0x0000000607800000|  0%| F|  |TAMS 0x0000000607400000| PB 0x0000000607400000| Untracked 
|   4|0x0000000607800000, 0x0000000607800000, 0x0000000607c00000|  0%| F|  |TAMS 0x0000000607800000| PB 0x0000000607800000| Untracked 
|   5|0x0000000607c00000, 0x0000000607c00000, 0x0000000608000000|  0%| F|  |TAMS 0x0000000607c00000| PB 0x0000000607c00000| Untracked 
|   6|0x0000000608000000, 0x0000000608000000, 0x0000000608400000|  0%| F|  |TAMS 0x0000000608000000| PB 0x0000000608000000| Untracked 
|   7|0x0000000608400000, 0x0000000608400000, 0x0000000608800000|  0%| F|  |TAMS 0x0000000608400000| PB 0x0000000608400000| Untracked 
|   8|0x0000000608800000, 0x0000000608800000, 0x0000000608c00000|  0%| F|  |TAMS 0x0000000608800000| PB 0x0000000608800000| Untracked 
|   9|0x0000000608c00000, 0x0000000608c00000, 0x0000000609000000|  0%| F|  |TAMS 0x0000000608c00000| PB 0x0000000608c00000| Untracked 
|  10|0x0000000609000000, 0x0000000609000000, 0x0000000609400000|  0%| F|  |TAMS 0x0000000609000000| PB 0x0000000609000000| Untracked 
|  11|0x0000000609400000, 0x0000000609400000, 0x0000000609800000|  0%| F|  |TAMS 0x0000000609400000| PB 0x0000000609400000| Untracked 
|  12|0x0000000609800000, 0x0000000609800000, 0x0000000609c00000|  0%| F|  |TAMS 0x0000000609800000| PB 0x0000000609800000| Untracked 
|  13|0x0000000609c00000, 0x0000000609c00000, 0x000000060a000000|  0%| F|  |TAMS 0x0000000609c00000| PB 0x0000000609c00000| Untracked 
|  14|0x000000060a000000, 0x000000060a000000, 0x000000060a400000|  0%| F|  |TAMS 0x000000060a000000| PB 0x000000060a000000| Untracked 
|  15|0x000000060a400000, 0x000000060a400000, 0x000000060a800000|  0%| F|  |TAMS 0x000000060a400000| PB 0x000000060a400000| Untracked 
|  16|0x000000060a800000, 0x000000060a800000, 0x000000060ac00000|  0%| F|  |TAMS 0x000000060a800000| PB 0x000000060a800000| Untracked 
|  17|0x000000060ac00000, 0x000000060ac00000, 0x000000060b000000|  0%| F|  |TAMS 0x000000060ac00000| PB 0x000000060ac00000| Untracked 
|  18|0x000000060b000000, 0x000000060b000000, 0x000000060b400000|  0%| F|  |TAMS 0x000000060b000000| PB 0x000000060b000000| Untracked 
|  19|0x000000060b400000, 0x000000060b400000, 0x000000060b800000|  0%| F|  |TAMS 0x000000060b400000| PB 0x000000060b400000| Untracked 
|  20|0x000000060b800000, 0x000000060b800000, 0x000000060bc00000|  0%| F|  |TAMS 0x000000060b800000| PB 0x000000060b800000| Untracked 
|  21|0x000000060bc00000, 0x000000060bc00000, 0x000000060c000000|  0%| F|  |TAMS 0x000000060bc00000| PB 0x000000060bc00000| Untracked 
|  22|0x000000060c000000, 0x000000060c000000, 0x000000060c400000|  0%| F|  |TAMS 0x000000060c000000| PB 0x000000060c000000| Untracked 
|  23|0x000000060c400000, 0x000000060c400000, 0x000000060c800000|  0%| F|  |TAMS 0x000000060c400000| PB 0x000000060c400000| Untracked 
|  24|0x000000060c800000, 0x000000060c800000, 0x000000060cc00000|  0%| F|  |TAMS 0x000000060c800000| PB 0x000000060c800000| Untracked 
|  25|0x000000060cc00000, 0x000000060cc00000, 0x000000060d000000|  0%| F|  |TAMS 0x000000060cc00000| PB 0x000000060cc00000| Untracked 
|  26|0x000000060d000000, 0x000000060d000000, 0x000000060d400000|  0%| F|  |TAMS 0x000000060d000000| PB 0x000000060d000000| Untracked 
|  27|0x000000060d400000, 0x000000060d400000, 0x000000060d800000|  0%| F|  |TAMS 0x000000060d400000| PB 0x000000060d400000| Untracked 
|  28|0x000000060d800000, 0x000000060d800000, 0x000000060dc00000|  0%| F|  |TAMS 0x000000060d800000| PB 0x000000060d800000| Untracked 
|  29|0x000000060dc00000, 0x000000060dc00000, 0x000000060e000000|  0%| F|  |TAMS 0x000000060dc00000| PB 0x000000060dc00000| Untracked 
|  30|0x000000060e000000, 0x000000060e000000, 0x000000060e400000|  0%| F|  |TAMS 0x000000060e000000| PB 0x000000060e000000| Untracked 
|  31|0x000000060e400000, 0x000000060e400000, 0x000000060e800000|  0%| F|  |TAMS 0x000000060e400000| PB 0x000000060e400000| Untracked 
|  32|0x000000060e800000, 0x000000060e800000, 0x000000060ec00000|  0%| F|  |TAMS 0x000000060e800000| PB 0x000000060e800000| Untracked 
|  33|0x000000060ec00000, 0x000000060ec00000, 0x000000060f000000|  0%| F|  |TAMS 0x000000060ec00000| PB 0x000000060ec00000| Untracked 
|  34|0x000000060f000000, 0x000000060f000000, 0x000000060f400000|  0%| F|  |TAMS 0x000000060f000000| PB 0x000000060f000000| Untracked 
|  35|0x000000060f400000, 0x000000060f400000, 0x000000060f800000|  0%| F|  |TAMS 0x000000060f400000| PB 0x000000060f400000| Untracked 
|  36|0x000000060f800000, 0x000000060f800000, 0x000000060fc00000|  0%| F|  |TAMS 0x000000060f800000| PB 0x000000060f800000| Untracked 
|  37|0x000000060fc00000, 0x000000060fc00000, 0x0000000610000000|  0%| F|  |TAMS 0x000000060fc00000| PB 0x000000060fc00000| Untracked 
|  38|0x0000000610000000, 0x0000000610000000, 0x0000000610400000|  0%| F|  |TAMS 0x0000000610000000| PB 0x0000000610000000| Untracked 
|  39|0x0000000610400000, 0x0000000610400000, 0x0000000610800000|  0%| F|  |TAMS 0x0000000610400000| PB 0x0000000610400000| Untracked 
|  40|0x0000000610800000, 0x0000000610800000, 0x0000000610c00000|  0%| F|  |TAMS 0x0000000610800000| PB 0x0000000610800000| Untracked 
|  41|0x0000000610c00000, 0x0000000610c00000, 0x0000000611000000|  0%| F|  |TAMS 0x0000000610c00000| PB 0x0000000610c00000| Untracked 
|  42|0x0000000611000000, 0x0000000611000000, 0x0000000611400000|  0%| F|  |TAMS 0x0000000611000000| PB 0x0000000611000000| Untracked 
|  43|0x0000000611400000, 0x0000000611400000, 0x0000000611800000|  0%| F|  |TAMS 0x0000000611400000| PB 0x0000000611400000| Untracked 
|  44|0x0000000611800000, 0x0000000611800000, 0x0000000611c00000|  0%| F|  |TAMS 0x0000000611800000| PB 0x0000000611800000| Untracked 
|  45|0x0000000611c00000, 0x0000000611c00000, 0x0000000612000000|  0%| F|  |TAMS 0x0000000611c00000| PB 0x0000000611c00000| Untracked 
|  46|0x0000000612000000, 0x0000000612000000, 0x0000000612400000|  0%| F|  |TAMS 0x0000000612000000| PB 0x0000000612000000| Untracked 
|  47|0x0000000612400000, 0x0000000612400000, 0x0000000612800000|  0%| F|  |TAMS 0x0000000612400000| PB 0x0000000612400000| Untracked 
|  48|0x0000000612800000, 0x0000000612800000, 0x0000000612c00000|  0%| F|  |TAMS 0x0000000612800000| PB 0x0000000612800000| Untracked 
|  49|0x0000000612c00000, 0x0000000612c00000, 0x0000000613000000|  0%| F|  |TAMS 0x0000000612c00000| PB 0x0000000612c00000| Untracked 
|  50|0x0000000613000000, 0x0000000613000000, 0x0000000613400000|  0%| F|  |TAMS 0x0000000613000000| PB 0x0000000613000000| Untracked 
|  51|0x0000000613400000, 0x0000000613400000, 0x0000000613800000|  0%| F|  |TAMS 0x0000000613400000| PB 0x0000000613400000| Untracked 
|  52|0x0000000613800000, 0x0000000613800000, 0x0000000613c00000|  0%| F|  |TAMS 0x0000000613800000| PB 0x0000000613800000| Untracked 
|  53|0x0000000613c00000, 0x0000000613c00000, 0x0000000614000000|  0%| F|  |TAMS 0x0000000613c00000| PB 0x0000000613c00000| Untracked 
|  54|0x0000000614000000, 0x0000000614000000, 0x0000000614400000|  0%| F|  |TAMS 0x0000000614000000| PB 0x0000000614000000| Untracked 
|  55|0x0000000614400000, 0x0000000614400000, 0x0000000614800000|  0%| F|  |TAMS 0x0000000614400000| PB 0x0000000614400000| Untracked 
|  56|0x0000000614800000, 0x0000000614800000, 0x0000000614c00000|  0%| F|  |TAMS 0x0000000614800000| PB 0x0000000614800000| Untracked 
|  57|0x0000000614c00000, 0x0000000614c00000, 0x0000000615000000|  0%| F|  |TAMS 0x0000000614c00000| PB 0x0000000614c00000| Untracked 
|  58|0x0000000615000000, 0x0000000615000000, 0x0000000615400000|  0%| F|  |TAMS 0x0000000615000000| PB 0x0000000615000000| Untracked 
|  59|0x0000000615400000, 0x0000000615400000, 0x0000000615800000|  0%| F|  |TAMS 0x0000000615400000| PB 0x0000000615400000| Untracked 
|  60|0x0000000615800000, 0x0000000615800000, 0x0000000615c00000|  0%| F|  |TAMS 0x0000000615800000| PB 0x0000000615800000| Untracked 
|  61|0x0000000615c00000, 0x0000000615c00000, 0x0000000616000000|  0%| F|  |TAMS 0x0000000615c00000| PB 0x0000000615c00000| Untracked 
|  62|0x0000000616000000, 0x0000000616000000, 0x0000000616400000|  0%| F|  |TAMS 0x0000000616000000| PB 0x0000000616000000| Untracked 
|  63|0x0000000616400000, 0x0000000616400000, 0x0000000616800000|  0%| F|  |TAMS 0x0000000616400000| PB 0x0000000616400000| Untracked 
|  64|0x0000000616800000, 0x0000000616800000, 0x0000000616c00000|  0%| F|  |TAMS 0x0000000616800000| PB 0x0000000616800000| Untracked 
|  65|0x0000000616c00000, 0x0000000616c00000, 0x0000000617000000|  0%| F|  |TAMS 0x0000000616c00000| PB 0x0000000616c00000| Untracked 
|  66|0x0000000617000000, 0x0000000617000000, 0x0000000617400000|  0%| F|  |TAMS 0x0000000617000000| PB 0x0000000617000000| Untracked 
|  67|0x0000000617400000, 0x0000000617400000, 0x0000000617800000|  0%| F|  |TAMS 0x0000000617400000| PB 0x0000000617400000| Untracked 
|  68|0x0000000617800000, 0x0000000617800000, 0x0000000617c00000|  0%| F|  |TAMS 0x0000000617800000| PB 0x0000000617800000| Untracked 
|  69|0x0000000617c00000, 0x0000000617c00000, 0x0000000618000000|  0%| F|  |TAMS 0x0000000617c00000| PB 0x0000000617c00000| Untracked 
|  70|0x0000000618000000, 0x0000000618000000, 0x0000000618400000|  0%| F|  |TAMS 0x0000000618000000| PB 0x0000000618000000| Untracked 
|  71|0x0000000618400000, 0x0000000618400000, 0x0000000618800000|  0%| F|  |TAMS 0x0000000618400000| PB 0x0000000618400000| Untracked 
|  72|0x0000000618800000, 0x0000000618800000, 0x0000000618c00000|  0%| F|  |TAMS 0x0000000618800000| PB 0x0000000618800000| Untracked 
|  73|0x0000000618c00000, 0x0000000618c00000, 0x0000000619000000|  0%| F|  |TAMS 0x0000000618c00000| PB 0x0000000618c00000| Untracked 
|  74|0x0000000619000000, 0x0000000619000000, 0x0000000619400000|  0%| F|  |TAMS 0x0000000619000000| PB 0x0000000619000000| Untracked 
|  75|0x0000000619400000, 0x0000000619400000, 0x0000000619800000|  0%| F|  |TAMS 0x0000000619400000| PB 0x0000000619400000| Untracked 
|  76|0x0000000619800000, 0x0000000619800000, 0x0000000619c00000|  0%| F|  |TAMS 0x0000000619800000| PB 0x0000000619800000| Untracked 
|  77|0x0000000619c00000, 0x0000000619c00000, 0x000000061a000000|  0%| F|  |TAMS 0x0000000619c00000| PB 0x0000000619c00000| Untracked 
|  78|0x000000061a000000, 0x000000061a000000, 0x000000061a400000|  0%| F|  |TAMS 0x000000061a000000| PB 0x000000061a000000| Untracked 
|  79|0x000000061a400000, 0x000000061a400000, 0x000000061a800000|  0%| F|  |TAMS 0x000000061a400000| PB 0x000000061a400000| Untracked 
|  80|0x000000061a800000, 0x000000061a800000, 0x000000061ac00000|  0%| F|  |TAMS 0x000000061a800000| PB 0x000000061a800000| Untracked 
|  81|0x000000061ac00000, 0x000000061ac00000, 0x000000061b000000|  0%| F|  |TAMS 0x000000061ac00000| PB 0x000000061ac00000| Untracked 
|  82|0x000000061b000000, 0x000000061b000000, 0x000000061b400000|  0%| F|  |TAMS 0x000000061b000000| PB 0x000000061b000000| Untracked 
|  83|0x000000061b400000, 0x000000061b400000, 0x000000061b800000|  0%| F|  |TAMS 0x000000061b400000| PB 0x000000061b400000| Untracked 
|  84|0x000000061b800000, 0x000000061b800000, 0x000000061bc00000|  0%| F|  |TAMS 0x000000061b800000| PB 0x000000061b800000| Untracked 
|  85|0x000000061bc00000, 0x000000061bc00000, 0x000000061c000000|  0%| F|  |TAMS 0x000000061bc00000| PB 0x000000061bc00000| Untracked 
|  86|0x000000061c000000, 0x000000061c000000, 0x000000061c400000|  0%| F|  |TAMS 0x000000061c000000| PB 0x000000061c000000| Untracked 
|  87|0x000000061c400000, 0x000000061c400000, 0x000000061c800000|  0%| F|  |TAMS 0x000000061c400000| PB 0x000000061c400000| Untracked 
|  88|0x000000061c800000, 0x000000061c800000, 0x000000061cc00000|  0%| F|  |TAMS 0x000000061c800000| PB 0x000000061c800000| Untracked 
|  89|0x000000061cc00000, 0x000000061cc00000, 0x000000061d000000|  0%| F|  |TAMS 0x000000061cc00000| PB 0x000000061cc00000| Untracked 
|  90|0x000000061d000000, 0x000000061d000000, 0x000000061d400000|  0%| F|  |TAMS 0x000000061d000000| PB 0x000000061d000000| Untracked 
|  91|0x000000061d400000, 0x000000061d400000, 0x000000061d800000|  0%| F|  |TAMS 0x000000061d400000| PB 0x000000061d400000| Untracked 
|  92|0x000000061d800000, 0x000000061d800000, 0x000000061dc00000|  0%| F|  |TAMS 0x000000061d800000| PB 0x000000061d800000| Untracked 
|  93|0x000000061dc00000, 0x000000061dc00000, 0x000000061e000000|  0%| F|  |TAMS 0x000000061dc00000| PB 0x000000061dc00000| Untracked 
|  94|0x000000061e000000, 0x000000061e000000, 0x000000061e400000|  0%| F|  |TAMS 0x000000061e000000| PB 0x000000061e000000| Untracked 
|  95|0x000000061e400000, 0x000000061e400000, 0x000000061e800000|  0%| F|  |TAMS 0x000000061e400000| PB 0x000000061e400000| Untracked 
|  96|0x000000061e800000, 0x000000061e800000, 0x000000061ec00000|  0%| F|  |TAMS 0x000000061e800000| PB 0x000000061e800000| Untracked 
|  97|0x000000061ec00000, 0x000000061ec00000, 0x000000061f000000|  0%| F|  |TAMS 0x000000061ec00000| PB 0x000000061ec00000| Untracked 
|  98|0x000000061f000000, 0x000000061f000000, 0x000000061f400000|  0%| F|  |TAMS 0x000000061f000000| PB 0x000000061f000000| Untracked 
|  99|0x000000061f400000, 0x000000061f400000, 0x000000061f800000|  0%| F|  |TAMS 0x000000061f400000| PB 0x000000061f400000| Untracked 
| 100|0x000000061f800000, 0x000000061f800000, 0x000000061fc00000|  0%| F|  |TAMS 0x000000061f800000| PB 0x000000061f800000| Untracked 
| 101|0x000000061fc00000, 0x000000061fc00000, 0x0000000620000000|  0%| F|  |TAMS 0x000000061fc00000| PB 0x000000061fc00000| Untracked 
| 102|0x0000000620000000, 0x0000000620000000, 0x0000000620400000|  0%| F|  |TAMS 0x0000000620000000| PB 0x0000000620000000| Untracked 
| 103|0x0000000620400000, 0x0000000620400000, 0x0000000620800000|  0%| F|  |TAMS 0x0000000620400000| PB 0x0000000620400000| Untracked 
| 104|0x0000000620800000, 0x0000000620800000, 0x0000000620c00000|  0%| F|  |TAMS 0x0000000620800000| PB 0x0000000620800000| Untracked 
| 105|0x0000000620c00000, 0x0000000620c00000, 0x0000000621000000|  0%| F|  |TAMS 0x0000000620c00000| PB 0x0000000620c00000| Untracked 
| 106|0x0000000621000000, 0x0000000621000000, 0x0000000621400000|  0%| F|  |TAMS 0x0000000621000000| PB 0x0000000621000000| Untracked 
| 107|0x0000000621400000, 0x0000000621400000, 0x0000000621800000|  0%| F|  |TAMS 0x0000000621400000| PB 0x0000000621400000| Untracked 
| 108|0x0000000621800000, 0x0000000621800000, 0x0000000621c00000|  0%| F|  |TAMS 0x0000000621800000| PB 0x0000000621800000| Untracked 
| 109|0x0000000621c00000, 0x0000000621c00000, 0x0000000622000000|  0%| F|  |TAMS 0x0000000621c00000| PB 0x0000000621c00000| Untracked 
| 110|0x0000000622000000, 0x0000000622000000, 0x0000000622400000|  0%| F|  |TAMS 0x0000000622000000| PB 0x0000000622000000| Untracked 
| 111|0x0000000622400000, 0x0000000622400000, 0x0000000622800000|  0%| F|  |TAMS 0x0000000622400000| PB 0x0000000622400000| Untracked 
| 112|0x0000000622800000, 0x0000000622800000, 0x0000000622c00000|  0%| F|  |TAMS 0x0000000622800000| PB 0x0000000622800000| Untracked 
| 113|0x0000000622c00000, 0x0000000622c00000, 0x0000000623000000|  0%| F|  |TAMS 0x0000000622c00000| PB 0x0000000622c00000| Untracked 
| 114|0x0000000623000000, 0x0000000623000000, 0x0000000623400000|  0%| F|  |TAMS 0x0000000623000000| PB 0x0000000623000000| Untracked 
| 115|0x0000000623400000, 0x0000000623400000, 0x0000000623800000|  0%| F|  |TAMS 0x0000000623400000| PB 0x0000000623400000| Untracked 
| 116|0x0000000623800000, 0x0000000623800000, 0x0000000623c00000|  0%| F|  |TAMS 0x0000000623800000| PB 0x0000000623800000| Untracked 
| 117|0x0000000623c00000, 0x0000000623c00000, 0x0000000624000000|  0%| F|  |TAMS 0x0000000623c00000| PB 0x0000000623c00000| Untracked 
| 118|0x0000000624000000, 0x0000000624000000, 0x0000000624400000|  0%| F|  |TAMS 0x0000000624000000| PB 0x0000000624000000| Untracked 
| 119|0x0000000624400000, 0x0000000624400000, 0x0000000624800000|  0%| F|  |TAMS 0x0000000624400000| PB 0x0000000624400000| Untracked 
| 120|0x0000000624800000, 0x0000000624800000, 0x0000000624c00000|  0%| F|  |TAMS 0x0000000624800000| PB 0x0000000624800000| Untracked 
| 121|0x0000000624c00000, 0x0000000624c00000, 0x0000000625000000|  0%| F|  |TAMS 0x0000000624c00000| PB 0x0000000624c00000| Untracked 
| 122|0x0000000625000000, 0x0000000625000000, 0x0000000625400000|  0%| F|  |TAMS 0x0000000625000000| PB 0x0000000625000000| Untracked 
| 123|0x0000000625400000, 0x0000000625708a68, 0x0000000625800000| 75%| E|  |TAMS 0x0000000625400000| PB 0x0000000625400000| Complete 
| 124|0x0000000625800000, 0x0000000625c00000, 0x0000000625c00000|100%| E|CS|TAMS 0x0000000625800000| PB 0x0000000625800000| Complete 
| 125|0x0000000625c00000, 0x0000000626000000, 0x0000000626000000|100%| E|CS|TAMS 0x0000000625c00000| PB 0x0000000625c00000| Complete 
| 126|0x0000000626000000, 0x0000000626400000, 0x0000000626400000|100%| E|  |TAMS 0x0000000626000000| PB 0x0000000626000000| Complete 

Card table byte_map: [0x00000288728e0000,0x00000288738b0000] _byte_map_base: 0x000002886f8ac000

Marking Bits: (CMBitMap*) 0x0000028869007800
 Bits: [0x00000288738b0000, 0x000002887b710000)

Polling page: 0x0000028866ed0000

Metaspace:

Usage:
  Non-class:      5.69 MB used.
      Class:    277.03 KB used.
       Both:      5.96 MB used.

Virtual space:
  Non-class space:       64.00 MB reserved,       5.75 MB (  9%) committed,  1 nodes.
      Class space:        1.00 GB reserved,     384.00 KB ( <1%) committed,  1 nodes.
             Both:        1.06 GB reserved,       6.12 MB ( <1%) committed. 

Chunk freelists:
   Non-Class:  8.00 MB
       Class:  15.58 MB
        Both:  23.58 MB

MaxMetaspaceSize: unlimited
CompressedClassSpaceSize: 1.00 GB
Initial GC threshold: 21.00 MB
Current GC threshold: 21.00 MB
CDS: on
 - commit_granule_bytes: 65536.
 - commit_granule_words: 8192.
 - virtual_space_node_default_size: 8388608.
 - enlarge_chunks_in_place: 1.
 - use_allocation_guard: 0.


Internal statistics:

num_allocs_failed_limit: 0.
num_arena_births: 80.
num_arena_deaths: 0.
num_vsnodes_births: 2.
num_vsnodes_deaths: 0.
num_space_committed: 96.
num_space_uncommitted: 0.
num_chunks_returned_to_freelist: 0.
num_chunks_taken_from_freelist: 233.
num_chunk_merges: 0.
num_chunk_splits: 181.
num_chunks_enlarged: 142.
num_inconsistent_stats: 0.

CodeHeap 'non-profiled nmethods': size=120000Kb used=246Kb max_used=246Kb free=119753Kb
 bounds [0x0000028807ad0000, 0x0000028807d40000, 0x000002880f000000]
CodeHeap 'profiled nmethods': size=120000Kb used=1107Kb max_used=1107Kb free=118892Kb
 bounds [0x0000028800000000, 0x0000028800270000, 0x0000028807530000]
CodeHeap 'non-nmethods': size=5760Kb used=2216Kb max_used=2216Kb free=3543Kb
 bounds [0x0000028807530000, 0x00000288077a0000, 0x0000028807ad0000]
 total_blobs=1940 nmethods=777 adapters=1068
 compilation: enabled
              stopped_count=0, restarted_count=0
 full_count=0

Compilation events (20 events):
Event: 1.255 Thread 0x000002887e3e1aa0  767       3       jdk.internal.ref.PhantomCleanable::<init> (49 bytes)
Event: 1.256 Thread 0x000002887e3e1aa0 nmethod 767 0x000002880010fd90 code [0x0000028800110000, 0x0000028800110b70]
Event: 1.256 Thread 0x000002887e3e1aa0  768   !   3       jdk.internal.ref.PhantomCleanable::insert (53 bytes)
Event: 1.256 Thread 0x000002887e3e1aa0 nmethod 768 0x0000028800110e90 code [0x0000028800111040, 0x0000028800111400]
Event: 1.268 Thread 0x000002887e3e1aa0  769       3       jdk.internal.reflect.ReflectionFactory::copyField (11 bytes)
Event: 1.268 Thread 0x000002887e3e1aa0 nmethod 769 0x0000028800111590 code [0x0000028800111740, 0x0000028800111940]
Event: 1.268 Thread 0x000002887e3e1aa0  772       3       java.lang.StringConcatHelper::newString (67 bytes)
Event: 1.269 Thread 0x000002887e3e1aa0 nmethod 772 0x0000028800111a90 code [0x0000028800111d00, 0x00000288001126d8]
Event: 1.269 Thread 0x000002887e3e1aa0  770       3       java.lang.reflect.ReflectAccess::copyField (5 bytes)
Event: 1.269 Thread 0x000002887e3e1aa0 nmethod 770 0x0000028800112a90 code [0x0000028800112c40, 0x0000028800112d80]
Event: 1.269 Thread 0x000002887e3e1aa0  771       3       java.lang.reflect.Field::copy (80 bytes)
Event: 1.269 Thread 0x000002887e3e1aa0 nmethod 771 0x0000028800112e90 code [0x0000028800113060, 0x00000288001134b8]
Event: 1.279 Thread 0x000002887e3e1aa0  773       3       jdk.internal.access.SharedSecrets::javaUtilJarAccess (19 bytes)
Event: 1.280 Thread 0x000002887e3e1aa0 nmethod 773 0x0000028800113610 code [0x0000028800113820, 0x0000028800113cc8]
Event: 1.290 Thread 0x000002887e3e1aa0  775       3       java.lang.String::indexOf (64 bytes)
Event: 1.290 Thread 0x000002887e3e1aa0 nmethod 775 0x0000028800113f90 code [0x00000288001141a0, 0x0000028800114698]
Event: 1.291 Thread 0x000002887e3e1aa0  776       3       java.lang.StringLatin1::indexOf (25 bytes)
Event: 1.291 Thread 0x000002887e3e1aa0 nmethod 776 0x0000028800114810 code [0x00000288001149e0, 0x0000028800114be8]
Event: 1.292 Thread 0x000002887e3e1aa0  777       1       java.lang.reflect.Method::getName (5 bytes)
Event: 1.293 Thread 0x000002887e3e1aa0 nmethod 777 0x0000028807b0d710 code [0x0000028807b0d8a0, 0x0000028807b0d970]

GC Heap History (0 events):
No events

Dll operation events (13 events):
Event: 0.018 Loaded shared library C:\Users\tibur\.jdks\openjdk-21.0.1\bin\java.dll
Event: 0.082 Loaded shared library C:\Users\tibur\.jdks\openjdk-21.0.1\bin\jsvml.dll
Event: 0.189 Loaded shared library C:\Users\tibur\.jdks\openjdk-21.0.1\bin\zip.dll
Event: 0.195 Loaded shared library C:\Users\tibur\.jdks\openjdk-21.0.1\bin\instrument.dll
Event: 0.204 Loaded shared library C:\Users\tibur\.jdks\openjdk-21.0.1\bin\net.dll
Event: 0.208 Loaded shared library C:\Users\tibur\.jdks\openjdk-21.0.1\bin\nio.dll
Event: 0.214 Loaded shared library C:\Users\tibur\.jdks\openjdk-21.0.1\bin\zip.dll
Event: 0.287 Loaded shared library C:\Users\tibur\AppData\Local\JetBrains\IntelliJ IDEA Community Edition 2023.3.1\bin\breakgen64.dll
Event: 0.305 Loaded shared library C:\Users\tibur\.jdks\openjdk-21.0.1\bin\extnet.dll
Event: 0.335 Loaded shared library C:\Users\tibur\.jdks\openjdk-21.0.1\bin\jimage.dll
Event: 0.365 Loaded shared library C:\Users\tibur\AppData\Local\Temp\lwjgl_Teo\3.3.5+5\x64\lwjgl.dll
Event: 0.656 Loaded shared library C:\Users\tibur\AppData\Local\Temp\lwjgl_Teo\3.3.5+5\x64\lwjgl_opengl.dll
Event: 1.124 Loaded shared library C:\Users\tibur\.jdks\openjdk-21.0.1\bin\verify.dll

Deoptimization events (20 events):
Event: 0.288 Thread 0x0000028868fa12d0 DEOPT PACKING pc=0x0000028807ad1a8c sp=0x000000f72f6fe520
Event: 0.288 Thread 0x0000028868fa12d0 DEOPT UNPACKING pc=0x00000288075846a2 sp=0x000000f72f6fe4b0 mode 2
Event: 0.288 Thread 0x0000028868fa12d0 Uncommon trap: trap_request=0xffffff45 fr.pc=0x0000028807ad5464 relative=0x00000000000000c4
Event: 0.288 Thread 0x0000028868fa12d0 Uncommon trap: reason=unstable_if action=reinterpret pc=0x0000028807ad5464 method=java.lang.String.isLatin1()Z @ 10 c2
Event: 0.288 Thread 0x0000028868fa12d0 DEOPT PACKING pc=0x0000028807ad5464 sp=0x000000f72f6ff040
Event: 0.289 Thread 0x0000028868fa12d0 DEOPT UNPACKING pc=0x00000288075846a2 sp=0x000000f72f6fef80 mode 2
Event: 0.303 Thread 0x0000028868fa12d0 DEOPT PACKING pc=0x00000288000088e1 sp=0x000000f72f6fcb40
Event: 0.303 Thread 0x0000028868fa12d0 DEOPT UNPACKING pc=0x0000028807584e42 sp=0x000000f72f6fbfa8 mode 0
Event: 0.353 Thread 0x0000028868fa12d0 Uncommon trap: trap_request=0xffffff45 fr.pc=0x0000028807ae7a90 relative=0x0000000000000070
Event: 0.353 Thread 0x0000028868fa12d0 Uncommon trap: reason=unstable_if action=reinterpret pc=0x0000028807ae7a90 method=java.io.WinNTFileSystem.isSlash(C)Z @ 9 c2
Event: 0.353 Thread 0x0000028868fa12d0 DEOPT PACKING pc=0x0000028807ae7a90 sp=0x000000f72f6fd3d0
Event: 0.353 Thread 0x0000028868fa12d0 DEOPT UNPACKING pc=0x00000288075846a2 sp=0x000000f72f6fd358 mode 2
Event: 0.677 Thread 0x0000028868fa12d0 Uncommon trap: trap_request=0xffffff54 fr.pc=0x0000028807aff990 relative=0x0000000000000070
Event: 0.677 Thread 0x0000028868fa12d0 Uncommon trap: reason=speculate_null_assert action=make_not_entrant pc=0x0000028807aff990 method=sun.misc.Unsafe.putLong(Ljava/lang/Object;JJ)V @ 7 c2
Event: 0.677 Thread 0x0000028868fa12d0 DEOPT PACKING pc=0x0000028807aff990 sp=0x000000f72f6ff200
Event: 0.677 Thread 0x0000028868fa12d0 DEOPT UNPACKING pc=0x00000288075846a2 sp=0x000000f72f6ff178 mode 2
Event: 1.108 Thread 0x0000028868fa12d0 Uncommon trap: trap_request=0xffffff54 fr.pc=0x0000028807b0130c relative=0x000000000000006c
Event: 1.108 Thread 0x0000028868fa12d0 Uncommon trap: reason=speculate_null_assert action=make_not_entrant pc=0x0000028807b0130c method=sun.misc.Unsafe.getLong(Ljava/lang/Object;J)J @ 5 c2
Event: 1.108 Thread 0x0000028868fa12d0 DEOPT PACKING pc=0x0000028807b0130c sp=0x000000f72f6ff410
Event: 1.108 Thread 0x0000028868fa12d0 DEOPT UNPACKING pc=0x00000288075846a2 sp=0x000000f72f6ff398 mode 2

Classes loaded (20 events):
Event: 1.037 Loading class sun/util/resources/OpenListResourceBundle
Event: 1.037 Loading class sun/util/resources/OpenListResourceBundle done
Event: 1.037 Loading class sun/util/resources/TimeZoneNamesBundle done
Event: 1.037 Loading class sun/util/resources/cldr/TimeZoneNames done
Event: 1.038 Loading class sun/util/resources/cldr/TimeZoneNames_en
Event: 1.038 Loading class sun/util/resources/cldr/TimeZoneNames_en done
Event: 1.039 Loading class sun/util/resources/cldr/TimeZoneNames_en_US
Event: 1.039 Loading class sun/util/resources/cldr/TimeZoneNames_en_US done
Event: 1.040 Loading class java/util/LinkedHashMap$LinkedKeySet
Event: 1.040 Loading class java/util/LinkedHashMap$LinkedKeySet done
Event: 1.118 Loading class java/io/Externalizable
Event: 1.119 Loading class java/io/Externalizable done
Event: 1.162 Loading class sun/text/resources/cldr/FormatData_en
Event: 1.163 Loading class sun/text/resources/cldr/FormatData_en done
Event: 1.163 Loading class sun/text/resources/cldr/FormatData_en_US
Event: 1.163 Loading class sun/text/resources/cldr/FormatData_en_US done
Event: 1.177 Loading class java/lang/SecurityException
Event: 1.177 Loading class java/lang/SecurityException done
Event: 1.294 Loading class java/nio/HeapFloatBuffer
Event: 1.295 Loading class java/nio/HeapFloatBuffer done

Classes unloaded (0 events):
No events

Classes redefined (0 events):
No events

Internal exceptions (20 events):
Event: 0.327 Thread 0x0000028868fa12d0 Exception <a 'java/lang/NoSuchMethodError'{0x0000000625eae118}: 'int java.lang.invoke.DirectMethodHandle$Holder.invokeSpecial(java.lang.Object, java.lang.Object, java.lang.Object)'> (0x0000000625eae118) 
thrown [s\open\src\hotspot\share\interpreter\linkResolver.cpp, line 773]
Event: 0.332 Thread 0x0000028868fa12d0 Exception <a 'java/lang/NoSuchMethodError'{0x0000000625ec7288}: 'void java.lang.System.loadLibrary(java.lang.String, java.lang.Class)'> (0x0000000625ec7288) 
thrown [s\open\src\hotspot\share\interpreter\linkResolver.cpp, line 773]
Event: 0.373 Thread 0x0000028868fa12d0 Exception <a 'sun/nio/fs/WindowsException'{0x0000000625efbb28}> (0x0000000625efbb28) 
thrown [s\open\src\hotspot\share\prims\jni.cpp, line 520]
Event: 0.373 Thread 0x0000028868fa12d0 Exception <a 'sun/nio/fs/WindowsException'{0x0000000625efc048}> (0x0000000625efc048) 
thrown [s\open\src\hotspot\share\prims\jni.cpp, line 520]
Event: 0.388 Thread 0x0000028868fa12d0 Exception <a 'sun/nio/fs/WindowsException'{0x0000000625f2b530}> (0x0000000625f2b530) 
thrown [s\open\src\hotspot\share\prims\jni.cpp, line 520]
Event: 0.388 Thread 0x0000028868fa12d0 Exception <a 'sun/nio/fs/WindowsException'{0x0000000625f2b888}> (0x0000000625f2b888) 
thrown [s\open\src\hotspot\share\prims\jni.cpp, line 520]
Event: 0.408 Thread 0x0000028868fa12d0 Exception <a 'java/lang/NoSuchMethodError'{0x0000000625f96f78}: 'int java.lang.invoke.DirectMethodHandle$Holder.invokeStaticInit(java.lang.Object, java.lang.Object, int, long)'> (0x0000000625f96f78) 
thrown [s\open\src\hotspot\share\interpreter\linkResolver.cpp, line 773]
Event: 0.410 Thread 0x0000028868fa12d0 Exception <a 'java/lang/NoSuchMethodError'{0x0000000625f9c288}: 'java.lang.Object java.lang.invoke.DirectMethodHandle$Holder.newInvokeSpecial(java.lang.Object, java.lang.Object, int)'> (0x0000000625f9c288) 
thrown [s\open\src\hotspot\share\interpreter\linkResolver.cpp, line 773]
Event: 0.415 Thread 0x0000028868fa12d0 Exception <a 'java/lang/NoSuchMethodError'{0x0000000625faa818}: 'int java.lang.invoke.DirectMethodHandle$Holder.invokeStaticInit(java.lang.Object, java.lang.Object, long, long)'> (0x0000000625faa818) 
thrown [s\open\src\hotspot\share\interpreter\linkResolver.cpp, line 773]
Event: 0.416 Thread 0x0000028868fa12d0 Exception <a 'java/lang/NoSuchMethodError'{0x0000000625fb0330}: 'java.lang.Object java.lang.invoke.DirectMethodHandle$Holder.newInvokeSpecial(java.lang.Object, java.lang.Object, long)'> (0x0000000625fb0330) 
thrown [s\open\src\hotspot\share\interpreter\linkResolver.cpp, line 773]
Event: 0.418 Thread 0x0000028868fa12d0 Exception <a 'java/lang/NoSuchMethodError'{0x0000000625fb4398}: 'java.lang.Object java.lang.invoke.Invokers$Holder.linkToTargetMethod(java.lang.Object, long, java.lang.Object)'> (0x0000000625fb4398) 
thrown [s\open\src\hotspot\share\interpreter\linkResolver.cpp, line 773]
Event: 0.418 Thread 0x0000028868fa12d0 Exception <a 'java/lang/NoSuchMethodError'{0x0000000625fbb420}: 'int java.lang.invoke.DirectMethodHandle$Holder.invokeStaticInit(java.lang.Object, java.lang.Object, java.lang.Object, long)'> (0x0000000625fbb420) 
thrown [s\open\src\hotspot\share\interpreter\linkResolver.cpp, line 773]
Event: 0.637 Thread 0x0000028868fa12d0 Exception <a 'java/lang/NoSuchMethodError'{0x000000062581d9a8}: 'void java.lang.System.load(java.lang.String, java.lang.Class)'> (0x000000062581d9a8) 
thrown [s\open\src\hotspot\share\interpreter\linkResolver.cpp, line 773]
Event: 0.639 Thread 0x0000028868fa12d0 Exception <a 'java/lang/NoSuchMethodError'{0x0000000625820348}: 'void java.lang.System.loadLibrary(java.lang.String, java.lang.Class)'> (0x0000000625820348) 
thrown [s\open\src\hotspot\share\interpreter\linkResolver.cpp, line 773]
Event: 0.649 Thread 0x0000028868fa12d0 Exception <a 'sun/nio/fs/WindowsException'{0x000000062582ff38}> (0x000000062582ff38) 
thrown [s\open\src\hotspot\share\prims\jni.cpp, line 520]
Event: 0.649 Thread 0x0000028868fa12d0 Exception <a 'sun/nio/fs/WindowsException'{0x00000006258302c8}> (0x00000006258302c8) 
thrown [s\open\src\hotspot\share\prims\jni.cpp, line 520]
Event: 0.662 Thread 0x0000028868fa12d0 Exception <a 'sun/nio/fs/WindowsException'{0x000000062583cbf8}> (0x000000062583cbf8) 
thrown [s\open\src\hotspot\share\prims\jni.cpp, line 520]
Event: 0.662 Thread 0x0000028868fa12d0 Exception <a 'sun/nio/fs/WindowsException'{0x000000062583cec8}> (0x000000062583cec8) 
thrown [s\open\src\hotspot\share\prims\jni.cpp, line 520]
Event: 1.041 Thread 0x000002887e3dcc70 Exception <a 'java/lang/NoSuchMethodError'{0x0000000625a04ba8}: 'java.lang.Object java.lang.invoke.Invokers$Holder.invokeExact_MT(java.lang.Object, java.lang.Object, java.lang.Object, java.lang.Object, java.lang.Object, java.lang.Object)'> (0x0000000625a04ba8) 
thrown [s\open\src\hotspot\share\interpreter\linkResolver.cpp, line 773]
Event: 1.295 Thread 0x0000028868fa12d0 Implicit null exception at 0x0000028807affc5d to 0x0000000000000000

ZGC Phase Switch (0 events):
No events

VM Operations (6 events):
Event: 0.165 Executing VM operation: HandshakeAllThreads (Deoptimize)
Event: 0.165 Executing VM operation: HandshakeAllThreads (Deoptimize) done
Event: 1.159 Executing VM operation: HandshakeAllThreads (Deoptimize)
Event: 1.159 Executing VM operation: HandshakeAllThreads (Deoptimize) done
Event: 1.159 Executing VM operation: Cleanup
Event: 1.159 Executing VM operation: Cleanup done

Events (12 events):
Event: 0.050 Thread 0x0000028868fa12d0 Thread added: 0x0000028868fa12d0
Event: 0.076 Thread 0x000002887e3d2c00 Thread added: 0x000002887e3d2c00
Event: 0.076 Thread 0x000002887e3d38c0 Thread added: 0x000002887e3d38c0
Event: 0.077 Thread 0x000002887e3d9d70 Thread added: 0x000002887e3d9d70
Event: 0.077 Thread 0x000002887e3dcc70 Thread added: 0x000002887e3dcc70
Event: 0.077 Thread 0x000002887e3dd6d0 Thread added: 0x000002887e3dd6d0
Event: 0.077 Thread 0x000002887e3e0140 Thread added: 0x000002887e3e0140
Event: 0.077 Thread 0x000002887e3e0ed0 Thread added: 0x000002887e3e0ed0
Event: 0.077 Thread 0x000002887e3e1aa0 Thread added: 0x000002887e3e1aa0
Event: 0.155 Thread 0x000002887b901150 Thread added: 0x000002887b901150
Event: 0.288 Thread 0x000002887e956d50 Thread added: 0x000002887e956d50
Event: 0.288 Thread 0x000002887e953180 Thread added: 0x000002887e953180


Dynamic libraries:
0x00007ff72a0d0000 - 0x00007ff72a0de000 	C:\Users\tibur\.jdks\openjdk-21.0.1\bin\java.exe
0x00007ffb05d30000 - 0x00007ffb05f47000 	C:\windows\SYSTEM32\ntdll.dll
0x00007ffad6bb0000 - 0x00007ffad6bca000 	C:\Program Files\Norton\Suite\aswhook.dll
0x00007ffb04370000 - 0x00007ffb04434000 	C:\windows\System32\KERNEL32.DLL
0x00007ffb03120000 - 0x00007ffb034da000 	C:\windows\System32\KERNELBASE.dll
0x0000000074690000 - 0x00000000749be000 	C:\Program Files\Norton Security\NortonData\22.23.10.10\Definitions\IPSDefs\20250115.064\IPSEng64.dll
0x00007ffb046d0000 - 0x00007ffb04782000 	C:\windows\System32\ADVAPI32.dll
0x00007ffb042c0000 - 0x00007ffb04367000 	C:\windows\System32\msvcrt.dll
0x00007ffb03be0000 - 0x00007ffb03c87000 	C:\windows\System32\sechost.dll
0x00007ffb034e0000 - 0x00007ffb03508000 	C:\windows\System32\bcrypt.dll
0x00007ffb04ef0000 - 0x00007ffb05004000 	C:\windows\System32\RPCRT4.dll
0x00007ffb03ed0000 - 0x00007ffb03ed8000 	C:\windows\System32\PSAPI.DLL
0x00007ffb037a0000 - 0x00007ffb038b1000 	C:\windows\System32\ucrtbase.dll
0x00007ffafc1d0000 - 0x00007ffafc1e8000 	C:\Users\tibur\.jdks\openjdk-21.0.1\bin\jli.dll
0x00007ffb04060000 - 0x00007ffb0420e000 	C:\windows\System32\USER32.dll
0x00007ffb03a00000 - 0x00007ffb03a26000 	C:\windows\System32\win32u.dll
0x00007ffafc7b0000 - 0x00007ffafc7cb000 	C:\Users\tibur\.jdks\openjdk-21.0.1\bin\VCRUNTIME140.dll
0x00007ffb04790000 - 0x00007ffb047b9000 	C:\windows\System32\GDI32.dll
0x00007ffb03000000 - 0x00007ffb0311b000 	C:\windows\System32\gdi32full.dll
0x00007ffb03510000 - 0x00007ffb035aa000 	C:\windows\System32\msvcp_win.dll
0x00007ffade530000 - 0x00007ffade7c2000 	C:\windows\WinSxS\amd64_microsoft.windows.common-controls_6595b64144ccf1df_6.0.22621.4541_none_2710d1c57384c085\COMCTL32.dll
0x00007ffb04450000 - 0x00007ffb04481000 	C:\windows\System32\IMM32.DLL
0x00007ffaffcd0000 - 0x00007ffaffcdc000 	C:\Users\tibur\.jdks\openjdk-21.0.1\bin\vcruntime140_1.dll
0x00007ffae6dd0000 - 0x00007ffae6e5e000 	C:\Users\tibur\.jdks\openjdk-21.0.1\bin\msvcp140.dll
0x00007ffa64ba0000 - 0x00007ffa658b5000 	C:\Users\tibur\.jdks\openjdk-21.0.1\bin\server\jvm.dll
0x00007ffb03e50000 - 0x00007ffb03ec1000 	C:\windows\System32\WS2_32.dll
0x00007ffb025b0000 - 0x00007ffb025fd000 	C:\windows\SYSTEM32\POWRPROF.dll
0x00007ffaf5800000 - 0x00007ffaf580a000 	C:\windows\SYSTEM32\VERSION.dll
0x00007ffafbac0000 - 0x00007ffafbaf4000 	C:\windows\SYSTEM32\WINMM.dll
0x00007ffb02590000 - 0x00007ffb025a3000 	C:\windows\SYSTEM32\UMPDC.dll
0x00007ffb02000000 - 0x00007ffb02018000 	C:\windows\SYSTEM32\kernel.appcore.dll
0x00007ffafc890000 - 0x00007ffafc89a000 	C:\Users\tibur\.jdks\openjdk-21.0.1\bin\jimage.dll
0x00007ffb004f0000 - 0x00007ffb00722000 	C:\windows\SYSTEM32\DBGHELP.DLL
0x00007ffb05010000 - 0x00007ffb0539f000 	C:\windows\System32\combase.dll
0x00007ffb044f0000 - 0x00007ffb045c7000 	C:\windows\System32\OLEAUT32.dll
0x00007ffad8f50000 - 0x00007ffad8f82000 	C:\windows\SYSTEM32\dbgcore.DLL
0x00007ffb035b0000 - 0x00007ffb0362b000 	C:\windows\System32\bcryptPrimitives.dll
0x00007ffafc7e0000 - 0x00007ffafc7ef000 	C:\Users\tibur\.jdks\openjdk-21.0.1\bin\instrument.dll
0x00007ffafc1b0000 - 0x00007ffafc1cf000 	C:\Users\tibur\.jdks\openjdk-21.0.1\bin\java.dll
0x00007ffb05450000 - 0x00007ffb05cc8000 	C:\windows\System32\SHELL32.dll
0x00007ffb00ef0000 - 0x00007ffb017f8000 	C:\windows\SYSTEM32\windows.storage.dll
0x00007ffb00db0000 - 0x00007ffb00eef000 	C:\windows\SYSTEM32\wintypes.dll
0x00007ffb04870000 - 0x00007ffb0496a000 	C:\windows\System32\SHCORE.dll
0x00007ffb04490000 - 0x00007ffb044ee000 	C:\windows\System32\shlwapi.dll
0x00007ffb02f30000 - 0x00007ffb02f5b000 	C:\windows\SYSTEM32\profapi.dll
0x00007ffada1f0000 - 0x00007ffada2c7000 	C:\Users\tibur\.jdks\openjdk-21.0.1\bin\jsvml.dll
0x00007ffafc050000 - 0x00007ffafc068000 	C:\Users\tibur\.jdks\openjdk-21.0.1\bin\zip.dll
0x00007ffafc1a0000 - 0x00007ffafc1b0000 	C:\Users\tibur\.jdks\openjdk-21.0.1\bin\net.dll
0x00007ffafb920000 - 0x00007ffafba56000 	C:\windows\SYSTEM32\WINHTTP.dll
0x00007ffb024e0000 - 0x00007ffb02549000 	C:\windows\system32\mswsock.dll
0x00007ffafc180000 - 0x00007ffafc196000 	C:\Users\tibur\.jdks\openjdk-21.0.1\bin\nio.dll
0x00007ffafbcb0000 - 0x00007ffafbcca000 	C:\Users\tibur\AppData\Local\JetBrains\IntelliJ IDEA Community Edition 2023.3.1\bin\breakgen64.dll
0x00007ffafc040000 - 0x00007ffafc047000 	C:\Users\tibur\.jdks\openjdk-21.0.1\bin\extnet.dll
0x00007ffae6d50000 - 0x00007ffae6dcc000 	C:\Users\tibur\AppData\Local\Temp\lwjgl_Teo\3.3.5+5\x64\lwjgl.dll
0x00007ffad50c0000 - 0x00007ffad5148000 	C:\Users\tibur\AppData\Local\Temp\lwjgl_Teo\3.3.5+5\x64\glfw.dll
0x00007ffafbc60000 - 0x00007ffafbca6000 	C:\windows\SYSTEM32\dinput8.dll
0x00007ffafbb80000 - 0x00007ffafbb91000 	C:\windows\SYSTEM32\xinput1_4.dll
0x00007ffb02d10000 - 0x00007ffb02d5e000 	C:\windows\SYSTEM32\cfgmgr32.dll
0x00007ffb02cc0000 - 0x00007ffb02cec000 	C:\windows\SYSTEM32\DEVOBJ.dll
0x00007ffb004b0000 - 0x00007ffb004db000 	C:\windows\SYSTEM32\dwmapi.dll
0x00007ffaf8210000 - 0x00007ffaf8424000 	C:\windows\SYSTEM32\inputhost.dll
0x00007ffafe630000 - 0x00007ffafe763000 	C:\windows\SYSTEM32\CoreMessaging.dll
0x00007ffb00160000 - 0x00007ffb00211000 	C:\windows\system32\uxtheme.dll
0x00007ffb03ef0000 - 0x00007ffb04051000 	C:\windows\System32\MSCTF.dll
0x00007ffb02890000 - 0x00007ffb0289c000 	C:\windows\SYSTEM32\CRYPTBASE.DLL
0x00007ffac8810000 - 0x00007ffac8910000 	C:\windows\SYSTEM32\opengl32.dll
0x00007ffae93f0000 - 0x00007ffae941d000 	C:\windows\SYSTEM32\GLU32.dll
0x00007ffb00280000 - 0x00007ffb002b7000 	C:\windows\SYSTEM32\dxcore.dll
0x00007ffafa9c0000 - 0x00007ffafaa09000 	C:\windows\SYSTEM32\directxdatabasehelper.dll
0x00007ffb047c0000 - 0x00007ffb04870000 	C:\windows\System32\clbcatq.dll
0x00007ffa26850000 - 0x00007ffa27c4e000 	C:\windows\System32\DriverStore\FileRepository\iigd_dch.inf_amd64_ae2001db843700cc\igxelpicd64.dll
0x00007ffb03a30000 - 0x00007ffb03bd5000 	C:\windows\System32\ole32.dll
0x00007ffb002d0000 - 0x00007ffb003c7000 	C:\windows\SYSTEM32\dxgi.dll
0x00007ffaf57c0000 - 0x00007ffaf57e6000 	C:\windows\SYSTEM32\d3d12.dll
0x00007ffad1130000 - 0x00007ffad1277000 	C:\windows\System32\DriverStore\FileRepository\iigd_dch.inf_amd64_ae2001db843700cc\igdml64.dll
0x00007ffaf5d70000 - 0x00007ffaf61b1000 	C:\windows\System32\DriverStore\FileRepository\iigd_dch.inf_amd64_ae2001db843700cc\igdgmm64.dll
0x00007ffaf7820000 - 0x00007ffaf7845000 	C:\windows\System32\DriverStore\FileRepository\iigd_dch.inf_amd64_ae2001db843700cc\igc64.dll
0x00007ffaec2e0000 - 0x00007ffaf0f7c000 	C:\windows\System32\DriverStore\FileRepository\iigd_dch.inf_amd64_ae2001db843700cc\igc-default64.dll
0x00007ffaf91b0000 - 0x00007ffaf92f5000 	C:\windows\SYSTEM32\textinputframework.dll
0x00007ffafaa30000 - 0x00007ffafad9d000 	C:\windows\SYSTEM32\CoreUIComponents.dll
0x00007ffae1ff0000 - 0x00007ffae2059000 	C:\windows\system32\Oleacc.dll
0x00007ffad86c0000 - 0x00007ffad871f000 	C:\Users\tibur\AppData\Local\Temp\lwjgl_Teo\3.3.5+5\x64\lwjgl_opengl.dll
0x00007ffafb310000 - 0x00007ffafb320000 	C:\Users\tibur\.jdks\openjdk-21.0.1\bin\verify.dll

dbghelp: loaded successfully - version: 4.0.5 - missing functions: none
symbol engine: initialized successfully - sym options: 0x614 - pdb path: .;C:\Users\tibur\.jdks\openjdk-21.0.1\bin;C:\windows\SYSTEM32;C:\Program Files\Norton\Suite;C:\Program Files\Norton Security\NortonData\22.23.10.10\Definitions\IPSDefs\20250115.064;C:\windows\WinSxS\amd64_microsoft.windows.common-controls_6595b64144ccf1df_6.0.22621.4541_none_2710d1c57384c085;C:\Users\tibur\.jdks\openjdk-21.0.1\bin\server;C:\Users\tibur\AppData\Local\JetBrains\IntelliJ IDEA Community Edition 2023.3.1\bin;C:\Users\tibur\AppData\Local\Temp\lwjgl_Teo\3.3.5+5\x64;C:\windows\System32\DriverStore\FileRepository\iigd_dch.inf_amd64_ae2001db843700cc

VM Arguments:
jvm_args: -javaagent:C:\Users\tibur\AppData\Local\JetBrains\IntelliJ IDEA Community Edition 2023.3.1\lib\idea_rt.jar=57250:C:\Users\tibur\AppData\Local\JetBrains\IntelliJ IDEA Community Edition 2023.3.1\bin -Dfile.encoding=UTF-8 -Dsun.stdout.encoding=UTF-8 -Dsun.stderr.encoding=UTF-8 
java_command: Main
java_class_path (initial): C:\Users\tibur\IdeaProjects\Triangle\out\production\Triangle;C:\Users\tibur\IdeaProjects\Triangle\lwjgl-release-3.3.5-custom\lwjgl.jar;C:\Users\tibur\IdeaProjects\Triangle\lwjgl-release-3.3.5-custom\lwjgl-par.jar;C:\Users\tibur\IdeaProjects\Triangle\lwjgl-release-3.3.5-custom\lwjgl-stb.jar;C:\Users\tibur\IdeaProjects\Triangle\lwjgl-release-3.3.5-custom\lwjgl-bgfx.jar;C:\Users\tibur\IdeaProjects\Triangle\lwjgl-release-3.3.5-custom\lwjgl-glfw.jar;C:\Users\tibur\IdeaProjects\Triangle\lwjgl-release-3.3.5-custom\joml-1.10.7.jar;C:\Users\tibur\IdeaProjects\Triangle\lwjgl-release-3.3.5-custom\lwjgl-assimp.jar;C:\Users\tibur\IdeaProjects\Triangle\lwjgl-release-3.3.5-custom\lwjgl-nanovg.jar;C:\Users\tibur\IdeaProjects\Triangle\lwjgl-release-3.3.5-custom\lwjgl-openal.jar;C:\Users\tibur\IdeaProjects\Triangle\lwjgl-release-3.3.5-custom\lwjgl-opengl.jar;C:\Users\tibur\IdeaProjects\Triangle\lwjgl-release-3.3.5-custom\lwjgl-vulkan.jar;C:\Users\tibur\IdeaProjects\Triangle\lwjgl-release-3.3.5-custom\lwjgl-javadoc.jar;C:\Users\tibur\IdeaProjects\Triangle\lwjgl-release-3.3.5-custom\lwjgl-nuklear.jar;C:\Users\tibur\IdeaProjects\Triangle\lwjgl-release-3.3.5-custom\lwjgl-sources.jar;C:\Users\tibur\IdeaProjects\Triangle\lwjgl-release-3.3.5-custom\lwjgl-par-javadoc.jar;C:\Users\tibur\IdeaProjects\Triangle\lwjgl-release-3.3.5-custom\lwjgl-par-sources.jar;C:\Users\tibur\IdeaProjects\Triangle\lwjgl-release-3.3.5-custom\lwjgl-stb-javadoc.jar;C:\Users\tibur\IdeaProjects\Triangle\lwjgl-release-3.3.5-custom\lwjgl-stb-sources.jar;C:\Users\tibur\IdeaProjects\Triangle\lwjgl-release-3.3.5-custom\lwjgl-bgfx-javadoc.jar;C:\Users\tibur\IdeaProjects\Triangle\lwjgl-release-3.3.5-custom\lwjgl-bgfx-sources.jar;C:\Users\tibur\IdeaProjects\Triangle\lwjgl-release-3.3.5-custom\lwjgl-glfw-javadoc.jar;C:\Users\tibur\IdeaProjects\Triangle\lwjgl-release-3.3.5-custom\lwjgl-glfw-sources.jar;C:\Users\tibur\IdeaProjects\Triangle\lwjgl-release-3.3.5-custom\joml-1.10.7-javadoc.jar;C:\Users\tibur\IdeaProjects\Triangle\lwjgl-release-3.3.5-custom\joml-1.10.7-sources.jar;C:\Users\tibur\IdeaProjects\Triangle\lwjgl-release-3.3.5-custom\lwjgl-assimp-javadoc.jar;C:\Users\tibur\IdeaProjects\Triangle\lwjgl-release-3.3.5-custom\lwjgl-assimp-sources.jar;C:\Users\tibur\IdeaProjects\Triangle\lwjgl-release-3.3.5-custom\lwjgl-nanovg-javadoc.jar;C:\Users\tibur\IdeaProjects\Triangle\lwjgl-release-3.3.5-custom\lwjgl-nanovg-sources.jar;C:\Users\tibur\IdeaProjects\Triangle\lwjgl-release-3.3.5-custom\lwjgl-openal-javadoc.jar;C:\Users\tibur\IdeaProjects\Triangle\lwjgl-release-3.3.5-custom\lwjgl-openal-sources.jar;C:\Users\tibur\IdeaProjects\Triangle\lwjgl-release-3.3.5-custom\lwjgl-opengl-javadoc.jar;C:\Users\tibur\IdeaProjects\Triangle\lwjgl-release-3.3.5-custom\lwjgl-opengl-sources.jar;C:\Users\tibur\IdeaProjects\Triangle\lwjgl-release-3.3.5-custom\lwjgl-vulkan-javadoc.jar;C:\Users\tibur\IdeaProjects\Triangle\lwjgl-release-3.3.5-custom\lwjgl-vulkan-sources.jar;C:\Users\tibur\IdeaProjects\Triangle\lwjgl-release-3.3.5-custom\lwjgl-natives-windows.jar;C:\Users\tibur\IdeaProjects\Triangle\lwjgl-release-3.3.5-custom\lwjgl-nuklear-javadoc.jar;C:\Users\tibur\IdeaProjects\Triangle\lwjgl-release-3.3.5-custom\lwjgl-nuklear-sources.jar;C:\Users\tibur\IdeaProjects\Triangle\lwjgl-release-3.3.5-custom\lwjgl-par-natives-windows.jar;C:\Users\tibur\IdeaProjects\Triangle\lwjgl-release-3.3.5-custom\lwjgl-stb-natives-windows.jar;C:\Users\tibur\IdeaProjects\Triangle\lwjgl-release-3.3.5-custom\lwjgl-bgfx-natives-windows.jar;C:\Users\tibur\IdeaProjects\Triangle\lwjgl-release-3.3.5-custom\lwjgl-glfw-natives-windows.jar;C:\Users\tibur\IdeaProjects\Triangle\lwjgl-release-3.3.5-custom\lwjgl-assimp-natives-windows.jar;C:\Users\tibur\IdeaProjects\Triangle\lwjgl-release-3.3.5-custom\lwjgl-nanovg-natives-windows.jar;C:\Users\tibur\IdeaProjects\Triangle\lwjgl-release-3.3.5-custom\lwjgl-openal-natives-windows.jar;C:\Users\tibur\IdeaProjects\Triangle\lwjgl-release-3.3.5-custom\lwjgl-opengl-natives-windows.jar;C:\Users\tibur\IdeaProjects\Triangle\lwjgl-release-3.3.5-custom\lwjgl-nuklear-natives-windows.jar;C:\Users\tibur\.m2\repository\org\joml\joml\1.10.8\joml-1.10.8.jar
Launcher Type: SUN_STANDARD

[Global flags]
     intx CICompilerCount                          = 4                                         {product} {ergonomic}
     uint ConcGCThreads                            = 3                                         {product} {ergonomic}
     uint G1ConcRefinementThreads                  = 10                                        {product} {ergonomic}
   size_t G1HeapRegionSize                         = 4194304                                   {product} {ergonomic}
    uintx GCDrainStackTargetSize                   = 64                                        {product} {ergonomic}
   size_t InitialHeapSize                          = 532676608                                 {product} {ergonomic}
   size_t MarkStackSize                            = 4194304                                   {product} {ergonomic}
   size_t MaxHeapSize                              = 8480882688                                {product} {ergonomic}
   size_t MaxNewSize                               = 5087690752                                {product} {ergonomic}
   size_t MinHeapDeltaBytes                        = 4194304                                   {product} {ergonomic}
   size_t MinHeapSize                              = 8388608                                   {product} {ergonomic}
    uintx NonNMethodCodeHeapSize                   = 5839372                                {pd product} {ergonomic}
    uintx NonProfiledCodeHeapSize                  = 122909434                              {pd product} {ergonomic}
    uintx ProfiledCodeHeapSize                     = 122909434                              {pd product} {ergonomic}
    uintx ReservedCodeCacheSize                    = 251658240                              {pd product} {ergonomic}
     bool SegmentedCodeCache                       = true                                      {product} {ergonomic}
   size_t SoftMaxHeapSize                          = 8480882688                             {manageable} {ergonomic}
     bool UseCompressedOops                        = true                           {product lp64_product} {ergonomic}
     bool UseG1GC                                  = true                                      {product} {ergonomic}
     bool UseLargePagesIndividualAllocation        = false                                  {pd product} {ergonomic}

Logging:
Log output configuration:
 #0: stdout all=warning uptime,level,tags foldmultilines=false
 #1: stderr all=off uptime,level,tags foldmultilines=false

Environment Variables:
PATH=C:\windows\system32;C:\windows;C:\windows\System32\Wbem;C:\windows\System32\WindowsPowerShell\v1.0\;C:\windows\System32\OpenSSH\;C:\Program Files\dotnet\;C:\Program Files (x86)\Windows Kits\10\Windows Performance Toolkit\;C:\Users\tibur\AppData\Local\Programs\Eclipse Adoptium\jdk-21.0.4.7-hotspot\bin;C:\Users\tibur\AppData\Local\Microsoft\WindowsApps;C:\Users\tibur\AppData\Local\Programs\Microsoft VS Code\bin;C:\ProgramData\Teo\GitHubDesktop\bin;C:\Users\tibur\AppData\Local\GitHubDesktop\bin;C:\Users\tibur\AppData\Local\Programs\Git\cmd
USERNAME=Teo
OS=Windows_NT
PROCESSOR_IDENTIFIER=Intel64 Family 6 Model 186 Stepping 3, GenuineIntel
TMP=C:\Users\tibur\AppData\Local\Temp
TEMP=C:\Users\tibur\AppData\Local\Temp




Periodic native trim disabled

---------------  S Y S T E M  ---------------

OS:
 Windows 11 , 64 bit Build 22621 (10.0.22621.4391)
OS uptime: 3 days 2:42 hours
Hyper-V role detected

CPU: total 12 (initial active 12) (6 cores per cpu, 2 threads per core) family 6 model 186 stepping 3 microcode 0x4122, cx8, cmov, fxsr, ht, mmx, 3dnowpref, sse, sse2, sse3, ssse3, sse4.1, sse4.2, popcnt, lzcnt, tsc, tscinvbit, avx, avx2, aes, erms, clmul, bmi1, bmi2, adx, sha, fma, vzeroupper, clflush, clflushopt, clwb, hv, serialize, rdtscp, rdpid, fsrm, f16c, cet_ibt, cet_ss
Processor Information for processor 0
  Max Mhz: 1700, Current Mhz: 1700, Mhz Limit: 1700
Processor Information for processor 1
  Max Mhz: 1700, Current Mhz: 1700, Mhz Limit: 1700
Processor Information for processor 2
  Max Mhz: 1700, Current Mhz: 1700, Mhz Limit: 1700
Processor Information for processor 3
  Max Mhz: 1700, Current Mhz: 1700, Mhz Limit: 1700
Processor Information for processor 4
  Max Mhz: 1700, Current Mhz: 1700, Mhz Limit: 1700
Processor Information for processor 5
  Max Mhz: 1700, Current Mhz: 1558, Mhz Limit: 1700
Processor Information for processor 6
  Max Mhz: 1700, Current Mhz: 1700, Mhz Limit: 1700
Processor Information for processor 7
  Max Mhz: 1700, Current Mhz: 1558, Mhz Limit: 1700
Processor Information for processor 8
  Max Mhz: 1700, Current Mhz: 1700, Mhz Limit: 1700
Processor Information for processor 9
  Max Mhz: 1700, Current Mhz: 1558, Mhz Limit: 1700
Processor Information for processor 10
  Max Mhz: 1700, Current Mhz: 1700, Mhz Limit: 1700
Processor Information for processor 11
  Max Mhz: 1700, Current Mhz: 1558, Mhz Limit: 1700

Memory: 4k page, system-wide physical 32336M (18710M free)
TotalPageFile size 34384M (AvailPageFile size 19157M)
current process WorkingSet (physical memory assigned to process): 122M, peak: 122M
current process commit charge ("private bytes"): 644M, peak: 646M

vm_info: OpenJDK 64-Bit Server VM (21.0.1+12-29) for windows-amd64 JRE (21.0.1+12-29), built on 2023-10-05T13:27:09Z by "mach5one" with MS VC++ 17.1 (VS2022)

END.
